C:\USERS\BP\DROPBOX\CGPROJECT\CGLEGOXZ\CGLEGOXZ\RELEASE\TESTMAIN.OBJ
C:\USERS\BP\DROPBOX\CGPROJECT\CGLEGOXZ\CGLEGOXZ\RELEASE\LISTENERWRAPPER.OBJ
C:\USERS\BP\DROPBOX\CGPROJECT\CGLEGOXZ\CGLEGOXZ\RELEASE\LEGO.OBJ
C:\USERS\BP\DROPBOX\CGPROJECT\CGLEGOXZ\CGLEGOXZ\RELEASE\GUIGL.OBJ
C:\USERS\BP\DROPBOX\CGPROJECT\CGLEGOXZ\CGLEGOXZ\RELEASE\GLM.OBJ
C:\USERS\BP\DROPBOX\CGPROJECT\CGLEGOXZ\CGLEGOXZ\RELEASE\POVEXP.OBJ
C:\USERS\BP\DROPBOX\CGPROJECT\CGLEGOXZ\CGLEGOXZ\RELEASE\VC110.PDB
C:\USERS\ABATROZZ\DROPBOX\CGPROJECT\CGLEGOXZ\CGLEGOXZ\RELEASE\TESTMAIN.OBJ
C:\USERS\ABATROZZ\DROPBOX\CGPROJECT\CGLEGOXZ\CGLEGOXZ\RELEASE\POVEXP.OBJ
C:\USERS\ABATROZZ\DROPBOX\CGPROJECT\CGLEGOXZ\CGLEGOXZ\RELEASE\LISTENERWRAPPER.OBJ
C:\USERS\ABATROZZ\DROPBOX\CGPROJECT\CGLEGOXZ\CGLEGOXZ\RELEASE\LEGO.OBJ
C:\USERS\ABATROZZ\DROPBOX\CGPROJECT\CGLEGOXZ\CGLEGOXZ\RELEASE\GUIGL.OBJ
C:\USERS\ABATROZZ\DROPBOX\CGPROJECT\CGLEGOXZ\CGLEGOXZ\RELEASE\GLM.OBJ
C:\USERS\ABATROZZ\DROPBOX\CGPROJECT\CGLEGOXZ\CGLEGOXZ\RELEASE\VC110.PDB
C:\USERS\BP\DROPBOX\CGPROJECT\CGLEGOXZ\RELEASE\CGLEGOXZ.EXE
C:\USERS\BP\DROPBOX\CGPROJECT\CGLEGOXZ\RELEASE\CGLEGOXZ.PDB
C:\USERS\ABATROZZ\DROPBOX\CGPROJECT\CGLEGOXZ\RELEASE\CGLEGOXZ.EXE
C:\USERS\ABATROZZ\DROPBOX\CGPROJECT\CGLEGOXZ\RELEASE\CGLEGOXZ.PDB
C:\Users\Abatrozz\Dropbox\CGproject\CGLegoXZ\CGLegoXZ\Release\GLM (Wichayut Eaksarayut's conflicted copy 2013-10-06 (1)).obj
C:\Users\Abatrozz\Dropbox\CGproject\CGLegoXZ\CGLegoXZ\Release\GLM (Wichayut Eaksarayut's conflicted copy 2013-10-06).obj
C:\Users\Abatrozz\Dropbox\CGproject\CGLegoXZ\CGLegoXZ\Release\GLM.obj
C:\Users\Abatrozz\Dropbox\CGproject\CGLegoXZ\CGLegoXZ\Release\GUIGl (Wichayut Eaksarayut's conflicted copy 2013-10-06 (1)).obj
C:\Users\Abatrozz\Dropbox\CGproject\CGLegoXZ\CGLegoXZ\Release\GUIGl (Wichayut Eaksarayut's conflicted copy 2013-10-06).obj
C:\Users\Abatrozz\Dropbox\CGproject\CGLegoXZ\CGLegoXZ\Release\GUIGl.obj
C:\Users\Abatrozz\Dropbox\CGproject\CGLegoXZ\CGLegoXZ\Release\Lego (Wichayut Eaksarayut's conflicted copy 2013-10-06 (1)).obj
C:\Users\Abatrozz\Dropbox\CGproject\CGLegoXZ\CGLegoXZ\Release\Lego (Wichayut Eaksarayut's conflicted copy 2013-10-06).obj
C:\Users\Abatrozz\Dropbox\CGproject\CGLegoXZ\CGLegoXZ\Release\Lego.obj
C:\Users\Abatrozz\Dropbox\CGproject\CGLegoXZ\CGLegoXZ\Release\ListenerWrapper (Wichayut Eaksarayut's conflicted copy 2013-10-06 (1)).obj
C:\Users\Abatrozz\Dropbox\CGproject\CGLegoXZ\CGLegoXZ\Release\ListenerWrapper (Wichayut Eaksarayut's conflicted copy 2013-10-06).obj
C:\Users\Abatrozz\Dropbox\CGproject\CGLegoXZ\CGLegoXZ\Release\ListenerWrapper.obj
C:\Users\Abatrozz\Dropbox\CGproject\CGLegoXZ\CGLegoXZ\Release\POVExp (a ch's conflicted copy 2013-10-06).obj
C:\Users\Abatrozz\Dropbox\CGproject\CGLegoXZ\CGLegoXZ\Release\POVExp (Wichayut Eaksarayut's conflicted copy 2013-10-06).obj
C:\Users\Abatrozz\Dropbox\CGproject\CGLegoXZ\CGLegoXZ\Release\POVExp.obj
C:\Users\Abatrozz\Dropbox\CGproject\CGLegoXZ\CGLegoXZ\Release\TestMain (Wichayut Eaksarayut's conflicted copy 2013-10-06 (1)).obj
C:\Users\Abatrozz\Dropbox\CGproject\CGLegoXZ\CGLegoXZ\Release\TestMain (Wichayut Eaksarayut's conflicted copy 2013-10-06).obj
C:\Users\Abatrozz\Dropbox\CGproject\CGLegoXZ\CGLegoXZ\Release\TestMain.obj
C:\Users\Abatrozz\Dropbox\CGproject\CGLegoXZ\CGLegoXZ\Release\cl.command.1 (a ch's conflicted copy 2013-10-06).tlog
C:\Users\Abatrozz\Dropbox\CGproject\CGLegoXZ\CGLegoXZ\Release\cl.command.1 (Wichayut Eaksarayut's conflicted copy 2013-10-06).tlog
C:\Users\Abatrozz\Dropbox\CGproject\CGLegoXZ\CGLegoXZ\Release\cl.command.1.tlog
C:\Users\Abatrozz\Dropbox\CGproject\CGLegoXZ\CGLegoXZ\Release\CL.read.1 (a ch's conflicted copy 2013-10-06 (1)).tlog
C:\Users\Abatrozz\Dropbox\CGproject\CGLegoXZ\CGLegoXZ\Release\CL.read.1 (a ch's conflicted copy 2013-10-06 (12)).tlog
C:\Users\Abatrozz\Dropbox\CGproject\CGLegoXZ\CGLegoXZ\Release\CL.read.1 (a ch's conflicted copy 2013-10-06).tlog
C:\Users\Abatrozz\Dropbox\CGproject\CGLegoXZ\CGLegoXZ\Release\CL.read.1.tlog
C:\Users\Abatrozz\Dropbox\CGproject\CGLegoXZ\CGLegoXZ\Release\CL.write.1 (a ch's conflicted copy 2013-10-06).tlog
C:\Users\Abatrozz\Dropbox\CGproject\CGLegoXZ\CGLegoXZ\Release\CL.write.1 (Wichayut Eaksarayut's conflicted copy 2013-10-06).tlog
C:\Users\Abatrozz\Dropbox\CGproject\CGLegoXZ\CGLegoXZ\Release\CL.write.1.tlog
C:\Users\Abatrozz\Dropbox\CGproject\CGLegoXZ\CGLegoXZ\Release\link-cvtres.read.1.tlog
C:\Users\Abatrozz\Dropbox\CGproject\CGLegoXZ\CGLegoXZ\Release\link-cvtres.write.1.tlog
C:\Users\Abatrozz\Dropbox\CGproject\CGLegoXZ\CGLegoXZ\Release\link-rc.read.1.tlog
C:\Users\Abatrozz\Dropbox\CGproject\CGLegoXZ\CGLegoXZ\Release\link-rc.write.1.tlog
C:\Users\Abatrozz\Dropbox\CGproject\CGLegoXZ\CGLegoXZ\Release\link.command.1.tlog
C:\Users\Abatrozz\Dropbox\CGproject\CGLegoXZ\CGLegoXZ\Release\link.read.1 (a ch's conflicted copy 2013-10-06) (Zento Jamorn's conflicted copy 2013-10-06) (a ch's conflicted copy 2013-10-06) (Zento Jamorn's conflicted copy 2013-10-06).tlog
C:\Users\Abatrozz\Dropbox\CGproject\CGLegoXZ\CGLegoXZ\Release\link.read.1.tlog
C:\Users\Abatrozz\Dropbox\CGproject\CGLegoXZ\CGLegoXZ\Release\link.write.1 (a ch's conflicted copy 2013-10-06) (Zento Jamorn's conflicted copy 2013-10-06) (Wichayut Eaksarayut's conflicted copy 2013-10-06) (a ch's conflicted copy 2013-10-06).tlog
C:\Users\Abatrozz\Dropbox\CGproject\CGLegoXZ\CGLegoXZ\Release\link.write.1.tlog
C:\Users\Abatrozz\Dropbox\CGproject\CGLegoXZ\CGLegoXZ\Release\vc110 (a ch's conflicted copy 2013-10-06).pdb
C:\Users\Abatrozz\Dropbox\CGproject\CGLegoXZ\CGLegoXZ\Release\vc110 (Wichayut Eaksarayut's conflicted copy 2013-10-06).pdb
C:\Users\Abatrozz\Dropbox\CGproject\CGLegoXZ\CGLegoXZ\Release\vc110.pdb
C:\Users\Abatrozz\Dropbox\CGproject\CGLegoXZ\Release\CGLegoXZ.pdb
C:\Users\Abatrozz\Dropbox\CGproject\CGLegoXZ\Release\CGLegoXZ.exe
