Build started 11/10/2556 22:19:07.
     1>Project "C:\Users\lab\Dropbox\CGproject\CGLegoXZ\CGLegoXZ\CGLegoXZ.vcxproj" on node 2 (Build target(s)).
     1>ClCompile:
         C:\Program Files (x86)\Microsoft Visual Studio 11.0\VC\bin\CL.exe /c /Zi /nologo /W3 /WX- /O2 /Oi /Oy- /GL /D _MBCS /Gm- /EHsc /MD /GS /Gy /fp:precise /Zc:wchar_t /Zc:forScope /Fo"Release\\" /Fd"Release\vc110.pdb" /Gd /TP /analyze- /errorReport:prompt TestMain.cpp
         TestMain.cpp
     1>c:\users\lab\dropbox\cgproject\cglegoxz\cglegoxz\Manual.h(12): warning C4996: 'fopen': This function or variable may be unsafe. Consider using fopen_s instead. To disable deprecation, use _CRT_SECURE_NO_WARNINGS. See online help for details.
                 C:\Program Files (x86)\Microsoft Visual Studio 11.0\VC\include\stdio.h(218) : see declaration of 'fopen'
     1>TestMain.cpp(284): warning C4800: 'int' : forcing value to bool 'true' or 'false' (performance warning)
     1>TestMain.cpp(440): warning C4996: 'strcpy': This function or variable may be unsafe. Consider using strcpy_s instead. To disable deprecation, use _CRT_SECURE_NO_WARNINGS. See online help for details.
                 C:\Program Files (x86)\Microsoft Visual Studio 11.0\VC\include\string.h(110) : see declaration of 'strcpy'
     1>TestMain.cpp(441): warning C4996: 'strcat': This function or variable may be unsafe. Consider using strcat_s instead. To disable deprecation, use _CRT_SECURE_NO_WARNINGS. See online help for details.
                 C:\Program Files (x86)\Microsoft Visual Studio 11.0\VC\include\string.h(115) : see declaration of 'strcat'
     1>TestMain.cpp(441): warning C4996: 'itoa': The POSIX name for this item is deprecated. Instead, use the ISO C++ conformant name: _itoa. See online help for details.
                 C:\Program Files (x86)\Microsoft Visual Studio 11.0\VC\include\stdlib.h(909) : see declaration of 'itoa'
     1>TestMain.cpp(442): warning C4996: 'strcat': This function or variable may be unsafe. Consider using strcat_s instead. To disable deprecation, use _CRT_SECURE_NO_WARNINGS. See online help for details.
                 C:\Program Files (x86)\Microsoft Visual Studio 11.0\VC\include\string.h(115) : see declaration of 'strcat'
       Link:
         C:\Program Files (x86)\Microsoft Visual Studio 11.0\VC\bin\link.exe /ERRORREPORT:PROMPT /OUT:"C:\Users\lab\Dropbox\CGproject\CGLegoXZ\Release\CGLegoXZ.exe" /NOLOGO kernel32.lib user32.lib gdi32.lib winspool.lib comdlg32.lib advapi32.lib shell32.lib ole32.lib oleaut32.lib uuid.lib odbc32.lib odbccp32.lib /MANIFEST /MANIFESTUAC:"level='asInvoker' uiAccess='false'" /manifest:embed /DEBUG /PDB:"C:\Users\lab\Dropbox\CGproject\CGLegoXZ\Release\CGLegoXZ.pdb" /OPT:REF /OPT:ICF /LTCG /TLBID:1 /DYNAMICBASE /NXCOMPAT /IMPLIB:"C:\Users\lab\Dropbox\CGproject\CGLegoXZ\Release\CGLegoXZ.lib" /MACHINE:X86 /SAFESEH Release\GLM.obj
         Release\GUIGl.obj
         Release\Lego.obj
         Release\POVExp.obj
         Release\TestMain.obj
         Release\vector2.obj
         Generating code
         Finished generating code
         CGLegoXZ.vcxproj -> C:\Users\lab\Dropbox\CGproject\CGLegoXZ\Release\CGLegoXZ.exe
     1>Done Building Project "C:\Users\lab\Dropbox\CGproject\CGLegoXZ\CGLegoXZ\CGLegoXZ.vcxproj" (Build target(s)).

Build succeeded.

Time Elapsed 00:00:03.61
